15.10.2022. 23:14:39	This log contains information about the import schema operation into project 'MapTaskerDB' on computer 'DESKTOP-BOD5RGU' by user 'bpuva'.
15.10.2022. 23:14:39	Import of database schema has started.
15.10.2022. 23:14:44	Gathering database credentials
15.10.2022. 23:14:44	Gathering database options
15.10.2022. 23:14:44	Gathering generic database scoped configuration option
15.10.2022. 23:14:44	Gathering users
15.10.2022. 23:14:44	Gathering roles
15.10.2022. 23:14:44	Gathering application roles
15.10.2022. 23:14:44	Gathering role memberships
15.10.2022. 23:14:44	Gathering filegroups
15.10.2022. 23:14:44	Gathering full-text catalogs
15.10.2022. 23:14:44	Gathering assemblies
15.10.2022. 23:14:44	Gathering certificates
15.10.2022. 23:14:44	Gathering asymmetric keys
15.10.2022. 23:14:44	Gathering symmetric keys
15.10.2022. 23:14:44	Gathering encrypted symmetric keys
15.10.2022. 23:14:44	Gathering schemas
15.10.2022. 23:14:44	Gathering XML schema collections
15.10.2022. 23:14:44	Gathering user-defined data types
15.10.2022. 23:14:44	Gathering user-defined types
15.10.2022. 23:14:44	Gathering table types
15.10.2022. 23:14:44	Gathering unique keys for table types
15.10.2022. 23:14:44	Gathering primary keys for table types
15.10.2022. 23:14:44	Gathering indexes for table types
15.10.2022. 23:14:44	Gathering check constraints for table types
15.10.2022. 23:14:44	Gathering default constraints for table types
15.10.2022. 23:14:44	Gathering partition functions
15.10.2022. 23:14:44	Gathering partition schemes
15.10.2022. 23:14:44	Gathering functions
15.10.2022. 23:14:44	Gathering encrypted functions
15.10.2022. 23:14:44	Gathering aggregates
15.10.2022. 23:14:44	Gathering procedures
15.10.2022. 23:14:44	Gathering encrypted procedures
15.10.2022. 23:14:44	Gathering tables
15.10.2022. 23:14:44	Gathering primary keys
15.10.2022. 23:14:44	Gathering unique constraints
15.10.2022. 23:14:44	Gathering foreign keys
15.10.2022. 23:14:44	Gathering default constraints
15.10.2022. 23:14:44	Gathering check constraints
15.10.2022. 23:14:44	Gathering views
15.10.2022. 23:14:44	Gathering encrypted views
15.10.2022. 23:14:44	Gathering indexes
15.10.2022. 23:14:44	Gathering statistics
15.10.2022. 23:14:44	Gathering full-text index stoplists
15.10.2022. 23:14:44	Gathering search property lists
15.10.2022. 23:14:44	Gathering search properties
15.10.2022. 23:14:44	Gathering full-text indexes
15.10.2022. 23:14:44	Gathering column store indexes
15.10.2022. 23:14:44	Gathering spatial indexes
15.10.2022. 23:14:44	Gathering XML indexes
15.10.2022. 23:14:44	Gathering Selective XML indexes
15.10.2022. 23:14:44	Gathering encrypted triggers
15.10.2022. 23:14:44	Gathering triggers
15.10.2022. 23:14:44	Gathering encrypted and clr ddl triggers
15.10.2022. 23:14:44	Gathering ddl triggers
15.10.2022. 23:14:44	Creating edge constraints
15.10.2022. 23:14:44	Gathering synonyms
15.10.2022. 23:14:44	Gathering defaults
15.10.2022. 23:14:44	Gathering data constraint uddt bindings
15.10.2022. 23:14:44	Gathering rules
15.10.2022. 23:14:44	Gathering data constraint uddt bindings
15.10.2022. 23:14:44	Gathering message types
15.10.2022. 23:14:44	Gathering queues
15.10.2022. 23:14:44	Gathering contracts
15.10.2022. 23:14:44	Gathering services
15.10.2022. 23:14:44	Gathering event notifications
15.10.2022. 23:14:44	Gathering remote service bindings
15.10.2022. 23:14:44	Gathering broker priorities
15.10.2022. 23:14:44	Gathering signatures
15.10.2022. 23:14:44	Gathering data compression options
15.10.2022. 23:14:44	Gathering sequence types
15.10.2022. 23:14:44	Gathering security policies
15.10.2022. 23:14:44	Gather column encryption keys
15.10.2022. 23:14:44	Gathering column master keys
15.10.2022. 23:14:44	Gathering external data sources
15.10.2022. 23:14:44	Gathering external file formats
15.10.2022. 23:14:44	Gathering external tables
15.10.2022. 23:14:44	Gathering extended properties
15.10.2022. 23:14:44	Gathering assemblies
15.10.2022. 23:14:44	Gathering credentials
15.10.2022. 23:14:44	Gathering logins
15.10.2022. 23:14:44	Gathering server audits
15.10.2022. 23:14:45	Scanning project for duplicate elements
15.10.2022. 23:14:45	Finished duplicate element processing
15.10.2022. 23:14:45	Finished importing database.
15.10.2022. 23:14:45	A summary of the import was saved to the following location: C:\maptasker\MapTasker\MapTaskerDB\Import Schema Logs\MapTaskerDB_20221015091439.log
15.10.2022. 23:14:45	Click Finish to continue...
